<?xml version="1.0" encoding="UTF-8"?>
<!-- Generated by org.testng.reporters.JUnitReportReporter -->
<testsuite skipped="0" hostname="DESKTOP-BF7E238" name="com.jbk.Demo" tests="2" failures="0" timestamp="22 Feb 2022 10:06:31 GMT" time="0.008" errors="0">
  <testcase name="test02" time="0.003" classname="com.jbk.Demo"/>
  <testcase name="test01" time="0.005" classname="com.jbk.Demo"/>
</testsuite> <!-- com.jbk.Demo -->
